<?xml version="1.0" encoding="ISO-8859-1" ?>
<!DOCTYPE html PUBLIC "-//W3C//DTD XHTML 1.0 Strict//EN"
"http://www.w3.org/TR/xhtml1/DTD/xhtml1-strict.dtd">
<html xmlns="http://www.w3.org/1999/xhtml" xml:lang="en" lang="en">
<head>
  <meta http-equiv="Content-Type" content="text/html;charset=utf-8" />
  <meta name="description" content="TestNG unit test results." />
  <link href="css/bootstrap.min.css" rel="stylesheet" />
  <link href="css/reportngClass.css" rel="stylesheet" />
  <script type="text/javascript" src="js/reportngClass.js"></script>
  <script type="text/javascript" src="js/jquery-1.4.4.min.js"></script> 
  <script type="text/javascript" src="js/jquery.tablesorter.min.js"></script>
  <script type="text/javascript" src="js/json-min.js"></script>
  <script type="text/javascript">
	$(document).ready(function(){
		$('.tablesorter').tablesorter({sortList: [[0,0]]});
	});
  </script>
</head>
<body onload="doParse(); return false;" onkeypress="collapseExpand();">
<div class="well well-large">
	<b>Test Info</>
	<table class="table">
	  <tr>
	    <th>Test Name : </th>
	    <th>
	    	<div class="tooltipCustom">
	    		<img src="images/copy.png" width="10" height="15" alt="Copy to Clipboard" onclick="copyToClipboard('#testNameId')"/>
	    		<span class="tooltiptextCustom">Copy Test name</span>
			</div>
	    </th>
	    <th id="testNameId">Inline PayTM Tokenized Card</th> 
	  </tr>
	  <tr>
	    <th>Test Class : </th>
	    <th>
	    	<div class="tooltipCustom">
	    		<img src="images/copy.png" width="10" height="15" alt="Copy to Clipboard" onclick="copyToClipboard('#testClassId')"/>
	    		<span class="tooltiptextCustom">Copy full path Class name</span>
			</div>
	    	<div class="tooltipCustom">
	    		<img src="images/copy.png" width="10" height="15" alt="Copy to Clipboard" onclick="copyToClipboard('#testClassNameId')"/>
	    		<span class="tooltiptextCustom">Copy Class name</span>
			</div>
	    </th> 
	    <th id="testClassId">test.java.paymentBento_Air_Desktop.IN_Air_Desktop_CC_PayTM_Inline_TokenizeCard</th>
	    <th id="testClassNameId" hidden="true">IN_Air_Desktop_CC_PayTM_Inline_TokenizeCard</th>
	  </tr>
	  <tr>
	    <th>Suite Name : </th>
	    <th>
	    	<div class="tooltipCustom">
	    		<img src="images/copy.png" width="10" height="15" alt="Copy to Clipboard" onclick="copyToClipboard('#suiteNameId')"/>
	    		<span class="tooltiptextCustom">Copy Suite name</span>
			</div>
		</th>
	    <th id="suiteNameId">All Products Sanity</th>
	  </tr>
	  <tr>
	    <th>Suite XML : </th>
	    <th>
	    	<div class="tooltipCustom">
	    		<img src="images/copy.png" width="10" height="15" alt="Copy to Clipboard" onclick="copyToClipboard('#suiteXMLId')"/>
	    		<span class="tooltiptextCustom">Copy Suite full path name</span>
			</div>
	    	<div class="tooltipCustom">
	    		<img src="images/copy.png" width="10" height="15" alt="Copy to Clipboard" onclick="copyToClipboard('#suiteXMLNameId')"/>
	    		<span class="tooltiptextCustom">Copy Suite file name</span>
			</div>
	    </th> 
	  	<th id="suiteXMLId">/Users/kiran.kumar4/Automationa_new2/webdrivertests/suiteXMLs/Payments/UI_All_Products_Sanity.xml</th>
	  	<th id="suiteXMLNameId" hidden="true">UI_All_Products_Sanity.xml</th>
	  </tr>
	  	  <tr>
	    <th>Total Time : </th>
	    <th></th>
	    <th>00:00:32</th> 
	  </tr>
	  <tr>
	    <th>Total Steps : </th>
	   	<th></th>
	    <th>1</th> 
	  </tr>
	  <tr>
	    <th>Status : </th>
	    <th></th>
	    <th><font color="red">FAIL</font></th> 
	  </tr>
	</table>
</div>
<div class="well well-large">
	<div class="row">
		<div class="col-xs-12">
	        <div class="text-right">
	            <button id="hideResults" type="button" class="btn-danger" onclick="collapseExpand(this);" onkeypress="collapseExpand(this);" class="btn pull-right" title="Click or Press Any key to collapse/expand All Failed Tests and Configuration Methods">Show Only Failures</button>
	        </div>
	    </div>
	</div>
	<table class="tablesorter" border="1">
		<thead>
		<tr>
		<th class="headerTime">Time</th>
		<th class="headerTime" width="12%">Info</th>
		<th class="headerTime" width="88%">Test</th>
		</tr>
		</thead>
		<tbody>
		
									<tr>
		<td class="time">1677053961820</td>
		<td class="header failedConfig" colspan="4" onClick="toggleElement('5a0650be-296f-4e6b-a193-563e94c5d74f','block');changeSingleIcon('span-5a0650be-296f-4e6b-a193-563e94c5d74f');" title="Click to expand/collapse" style="cursor: pointer;">
		<div style="float:left;"><i>Class&nbsp;:&nbsp;</i>test.java.paymentBento_Air_Desktop.IN_Air_Desktop_CC_PayTM_Inline_TokenizeCard</div>
		<div style="float:right;">@AfterClass &nbsp;&nbsp;<span id='span-5a0650be-296f-4e6b-a193-563e94c5d74f' class="glyphicon glyphicon-menu-down"></span></div>
		</td>
	</tr>
			<tr>
		<td class="time">1677053961820</td>
		<td class="methodConfiguration">
				<span class="description"><b>Class: </b>class test.java.paymentBento_Air_Desktop.IN_Air_Desktop_CC_PayTM_Inline_TokenizeCard</span><br>
		<span class="description"><b>Method: </b>closeSelenium</span><br>
				<span class="duration"><b>Duration: </b>0.004s</span><br>
		</td>
		<td class="resultConfiguration">
										<div class="stackTrace" id="5a0650be-296f-4e6b-a193-563e94c5d74f">
								<a href="javascript:toggleElement('exception-5a0650be-296f-4e6b-a193-563e94c5d74f','block')" title="Click to expand/collapse"><b>org.openqa.selenium.NoSuchWindowException: no such window: target window already closed<br/>
from unknown error: web view not found<br/>
&nbsp; (Session info: chrome=110.0.5481.100)<br/>
Build info: version: &apos;4.8.0&apos;, revision: &apos;267030adea&apos;<br/>
System info: os.name: &apos;Mac OS X&apos;, os.arch: &apos;x86_64&apos;, os.version: &apos;11.5&apos;, java.version: &apos;11.0.13&apos;<br/>
Driver info: org.openqa.selenium.chrome.ChromeDriver<br/>
Command: [fc54efa03c05d07daf0a55451920414d, close {}]<br/>
Capabilities {acceptInsecureCerts: false, browserName: chrome, browserVersion: 110.0.5481.100, chrome: {chromedriverVersion: 110.0.5481.77 (65ed616c6e8e..., userDataDir: /var/folders/m9/x2g4shfx3rg...}, goog:chromeOptions: {debuggerAddress: localhost:50977}, networkConnectionEnabled: false, pageLoadStrategy: normal, platformName: MAC, proxy: Proxy(), se:cdp: ws://localhost:50977/devtoo..., se:cdpVersion: 110.0.5481.100, setWindowRect: true, strictFileInteractability: false, timeouts: {implicit: 0, pageLoad: 300000, script: 30000}, unhandledPromptBehavior: dismiss and notify, webauthn:extension:credBlob: true, webauthn:extension:largeBlob: true, webauthn:virtualAuthenticators: true}<br/>
Session ID: fc54efa03c05d07daf0a55451920414d</b></a><br>
		    <div class="stackTrace" id="exception-5a0650be-296f-4e6b-a193-563e94c5d74f">
							java.base/jdk.internal.reflect.NativeConstructorAccessorImpl.newInstance0(Native Method)<br>
							java.base/jdk.internal.reflect.NativeConstructorAccessorImpl.newInstance(NativeConstructorAccessorImpl.java:62)<br>
							java.base/jdk.internal.reflect.DelegatingConstructorAccessorImpl.newInstance(DelegatingConstructorAccessorImpl.java:45)<br>
							java.base/java.lang.reflect.Constructor.newInstance(Constructor.java:490)<br>
							org.openqa.selenium.remote.codec.w3c.W3CHttpResponseCodec.createException(W3CHttpResponseCodec.java:200)<br>
							org.openqa.selenium.remote.codec.w3c.W3CHttpResponseCodec.decode(W3CHttpResponseCodec.java:133)<br>
							org.openqa.selenium.remote.codec.w3c.W3CHttpResponseCodec.decode(W3CHttpResponseCodec.java:53)<br>
							org.openqa.selenium.remote.HttpCommandExecutor.execute(HttpCommandExecutor.java:184)<br>
							org.openqa.selenium.remote.service.DriverCommandExecutor.invokeExecute(DriverCommandExecutor.java:167)<br>
							org.openqa.selenium.remote.service.DriverCommandExecutor.execute(DriverCommandExecutor.java:142)<br>
							org.openqa.selenium.remote.RemoteWebDriver.execute(RemoteWebDriver.java:543)<br>
							org.openqa.selenium.remote.RemoteWebDriver.execute(RemoteWebDriver.java:598)<br>
							org.openqa.selenium.remote.RemoteWebDriver.execute(RemoteWebDriver.java:602)<br>
							org.openqa.selenium.remote.RemoteWebDriver.close(RemoteWebDriver.java:419)<br>
							test.java.common.WrapperMethod.browserClose(WrapperMethod.java:74)<br>
							test.java.paymentBento_Air_Desktop.IN_Air_Desktop_CC_PayTM_Inline_TokenizeCard.closeSelenium(IN_Air_Desktop_CC_PayTM_Inline_TokenizeCard.java:31)<br>
							java.base/jdk.internal.reflect.NativeMethodAccessorImpl.invoke0(Native Method)<br>
							java.base/jdk.internal.reflect.NativeMethodAccessorImpl.invoke(NativeMethodAccessorImpl.java:62)<br>
							java.base/jdk.internal.reflect.DelegatingMethodAccessorImpl.invoke(DelegatingMethodAccessorImpl.java:43)<br>
							java.base/java.lang.reflect.Method.invoke(Method.java:566)<br>
							org.testng.internal.invokers.MethodInvocationHelper.invokeMethod(MethodInvocationHelper.java:139)<br>
							org.testng.internal.invokers.MethodInvocationHelper.invokeMethodConsideringTimeout(MethodInvocationHelper.java:69)<br>
							org.testng.internal.invokers.ConfigInvoker.invokeConfigurationMethod(ConfigInvoker.java:361)<br>
							org.testng.internal.invokers.ConfigInvoker.invokeConfigurations(ConfigInvoker.java:296)<br>
							org.testng.internal.invokers.TestMethodWorker.invokeAfterClassMethods(TestMethodWorker.java:222)<br>
							org.testng.internal.invokers.TestMethodWorker.run(TestMethodWorker.java:131)<br>
							java.base/java.util.ArrayList.forEach(ArrayList.java:1541)<br>
							org.testng.TestRunner.privateRun(TestRunner.java:829)<br>
							org.testng.TestRunner.run(TestRunner.java:602)<br>
							org.testng.SuiteRunner.runTest(SuiteRunner.java:437)<br>
							org.testng.SuiteRunner$SuiteWorker.run(SuiteRunner.java:475)<br>
							org.testng.internal.thread.ThreadUtil.lambda$execute$0(ThreadUtil.java:58)<br>
							java.base/java.util.concurrent.FutureTask.run(FutureTask.java:264)<br>
							java.base/java.util.concurrent.ThreadPoolExecutor.runWorker(ThreadPoolExecutor.java:1128)<br>
							java.base/java.util.concurrent.ThreadPoolExecutor$Worker.run(ThreadPoolExecutor.java:628)<br>
							java.base/java.lang.Thread.run(Thread.java:834)<br>
									</div>
				</div>
		</td>
	</tr>
			<tr>
		<td class="time">1677053961798</td>
		<td class="header failedConfig" colspan="4" onClick="toggleElement('9f52db93-0bee-4281-8c3d-1f4445b9fa92','block');changeSingleIcon('span-9f52db93-0bee-4281-8c3d-1f4445b9fa92');" title="Click to expand/collapse" style="cursor: pointer;">
		<div style="float:left;"><i>Class&nbsp;:&nbsp;</i>test.java.paymentBento_Air_Desktop.IN_Air_Desktop_CC_PayTM_Inline_TokenizeCard</div>
		<div style="float:right;">@AfterMethod &nbsp;&nbsp;<span id='span-9f52db93-0bee-4281-8c3d-1f4445b9fa92' class="glyphicon glyphicon-menu-down"></span></div>
		</td>
	</tr>
			<tr>
		<td class="time">1677053961798</td>
		<td class="methodConfiguration">
				<span class="description"><b>Class: </b>class test.java.paymentBento_Air_Desktop.IN_Air_Desktop_CC_PayTM_Inline_TokenizeCard</span><br>
		<span class="description"><b>Method: </b>afterMethod</span><br>
				<span class="duration"><b>Duration: </b>0.019s</span><br>
		</td>
		<td class="resultConfiguration">
									<i>Method arguments: </i><span class="arguments">[TestResult name=Air_Desktop_PayTM_Inline_Tokenizecard status=FAILURE method=IN_Air_Desktop_CC_PayTM_Inline_TokenizeCard.Air_Desktop_PayTM_Inline_Tokenizecard()[pri:0, instance:test.java.paymentBento_Air_Desktop.IN_Air_Desktop_CC_PayTM_Inline_TokenizeCard@376a0d86] output=Origin : BOM]</span><br>
						<div class="stackTrace" id="9f52db93-0bee-4281-8c3d-1f4445b9fa92">
								<a href="javascript:toggleElement('exception-9f52db93-0bee-4281-8c3d-1f4445b9fa92','block')" title="Click to expand/collapse"><b>org.openqa.selenium.NoSuchWindowException: no such window: target window already closed<br/>
from unknown error: web view not found<br/>
&nbsp; (Session info: chrome=110.0.5481.100)<br/>
Build info: version: &apos;4.8.0&apos;, revision: &apos;267030adea&apos;<br/>
System info: os.name: &apos;Mac OS X&apos;, os.arch: &apos;x86_64&apos;, os.version: &apos;11.5&apos;, java.version: &apos;11.0.13&apos;<br/>
Driver info: org.openqa.selenium.chrome.ChromeDriver<br/>
Command: [fc54efa03c05d07daf0a55451920414d, screenshot {}]<br/>
Capabilities {acceptInsecureCerts: false, browserName: chrome, browserVersion: 110.0.5481.100, chrome: {chromedriverVersion: 110.0.5481.77 (65ed616c6e8e..., userDataDir: /var/folders/m9/x2g4shfx3rg...}, goog:chromeOptions: {debuggerAddress: localhost:50977}, networkConnectionEnabled: false, pageLoadStrategy: normal, platformName: MAC, proxy: Proxy(), se:cdp: ws://localhost:50977/devtoo..., se:cdpVersion: 110.0.5481.100, setWindowRect: true, strictFileInteractability: false, timeouts: {implicit: 0, pageLoad: 300000, script: 30000}, unhandledPromptBehavior: dismiss and notify, webauthn:extension:credBlob: true, webauthn:extension:largeBlob: true, webauthn:virtualAuthenticators: true}<br/>
Session ID: fc54efa03c05d07daf0a55451920414d</b></a><br>
		    <div class="stackTrace" id="exception-9f52db93-0bee-4281-8c3d-1f4445b9fa92">
							java.base/jdk.internal.reflect.NativeConstructorAccessorImpl.newInstance0(Native Method)<br>
							java.base/jdk.internal.reflect.NativeConstructorAccessorImpl.newInstance(NativeConstructorAccessorImpl.java:62)<br>
							java.base/jdk.internal.reflect.DelegatingConstructorAccessorImpl.newInstance(DelegatingConstructorAccessorImpl.java:45)<br>
							java.base/java.lang.reflect.Constructor.newInstance(Constructor.java:490)<br>
							org.openqa.selenium.remote.codec.w3c.W3CHttpResponseCodec.createException(W3CHttpResponseCodec.java:200)<br>
							org.openqa.selenium.remote.codec.w3c.W3CHttpResponseCodec.decode(W3CHttpResponseCodec.java:133)<br>
							org.openqa.selenium.remote.codec.w3c.W3CHttpResponseCodec.decode(W3CHttpResponseCodec.java:53)<br>
							org.openqa.selenium.remote.HttpCommandExecutor.execute(HttpCommandExecutor.java:184)<br>
							org.openqa.selenium.remote.service.DriverCommandExecutor.invokeExecute(DriverCommandExecutor.java:167)<br>
							org.openqa.selenium.remote.service.DriverCommandExecutor.execute(DriverCommandExecutor.java:142)<br>
							org.openqa.selenium.remote.RemoteWebDriver.execute(RemoteWebDriver.java:543)<br>
							org.openqa.selenium.remote.RemoteWebDriver.execute(RemoteWebDriver.java:598)<br>
							org.openqa.selenium.remote.RemoteWebDriver.execute(RemoteWebDriver.java:602)<br>
							org.openqa.selenium.remote.RemoteWebDriver.getScreenshotAs(RemoteWebDriver.java:318)<br>
							test.java.common.CommonUtil.screenshot(CommonUtil.java:196)<br>
							test.java.common.CommonUtil.afterMethod(CommonUtil.java:140)<br>
							test.java.paymentBento_Air_Desktop.IN_Air_Desktop_CC_PayTM_Inline_TokenizeCard.afterMethod(IN_Air_Desktop_CC_PayTM_Inline_TokenizeCard.java:36)<br>
							java.base/jdk.internal.reflect.NativeMethodAccessorImpl.invoke0(Native Method)<br>
							java.base/jdk.internal.reflect.NativeMethodAccessorImpl.invoke(NativeMethodAccessorImpl.java:62)<br>
							java.base/jdk.internal.reflect.DelegatingMethodAccessorImpl.invoke(DelegatingMethodAccessorImpl.java:43)<br>
							java.base/java.lang.reflect.Method.invoke(Method.java:566)<br>
							org.testng.internal.invokers.MethodInvocationHelper.invokeMethod(MethodInvocationHelper.java:139)<br>
							org.testng.internal.invokers.MethodInvocationHelper.invokeMethodConsideringTimeout(MethodInvocationHelper.java:69)<br>
							org.testng.internal.invokers.ConfigInvoker.invokeConfigurationMethod(ConfigInvoker.java:361)<br>
							org.testng.internal.invokers.ConfigInvoker.invokeConfigurations(ConfigInvoker.java:296)<br>
							org.testng.internal.invokers.TestInvoker.runConfigMethods(TestInvoker.java:823)<br>
							org.testng.internal.invokers.TestInvoker.runAfterConfigurations(TestInvoker.java:792)<br>
							org.testng.internal.invokers.TestInvoker.invokeMethod(TestInvoker.java:768)<br>
							org.testng.internal.invokers.TestInvoker.invokeTestMethod(TestInvoker.java:221)<br>
							org.testng.internal.invokers.MethodRunner.runInSequence(MethodRunner.java:50)<br>
							org.testng.internal.invokers.TestInvoker$MethodInvocationAgent.invoke(TestInvoker.java:969)<br>
							org.testng.internal.invokers.TestInvoker.invokeTestMethods(TestInvoker.java:194)<br>
							org.testng.internal.invokers.TestMethodWorker.invokeTestMethods(TestMethodWorker.java:148)<br>
							org.testng.internal.invokers.TestMethodWorker.run(TestMethodWorker.java:128)<br>
							java.base/java.util.ArrayList.forEach(ArrayList.java:1541)<br>
							org.testng.TestRunner.privateRun(TestRunner.java:829)<br>
							org.testng.TestRunner.run(TestRunner.java:602)<br>
							org.testng.SuiteRunner.runTest(SuiteRunner.java:437)<br>
							org.testng.SuiteRunner$SuiteWorker.run(SuiteRunner.java:475)<br>
							org.testng.internal.thread.ThreadUtil.lambda$execute$0(ThreadUtil.java:58)<br>
							java.base/java.util.concurrent.FutureTask.run(FutureTask.java:264)<br>
							java.base/java.util.concurrent.ThreadPoolExecutor.runWorker(ThreadPoolExecutor.java:1128)<br>
							java.base/java.util.concurrent.ThreadPoolExecutor$Worker.run(ThreadPoolExecutor.java:628)<br>
							java.base/java.lang.Thread.run(Thread.java:834)<br>
									</div>
				</div>
		</td>
	</tr>
						
				
												
											<tr>
	<td class="time">1677053934620</td>
	<td class="header failed" colspan="4" onClick="toggleElement('57794d3b-9fe7-47b6-a5be-500f3dadc790','block');changeSingleIcon('span-57794d3b-9fe7-47b6-a5be-500f3dadc790');" title="Click to expand/collapse" style="cursor: pointer;">
	<div style="float:left;"><i>Class&nbsp;:&nbsp;</i>test.java.paymentBento_Air_Desktop.IN_Air_Desktop_CC_PayTM_Inline_TokenizeCard</div>
	<div style="float:right;">@Test @ with DataProvider : [""] &nbsp;&nbsp;<span id='span-57794d3b-9fe7-47b6-a5be-500f3dadc790' class="glyphicon glyphicon-menu-down"></span></div>
	</td>
	</tr>
<tr>
	<td class="time">1677053934620</td>
	<td class="methodTest">
		<span class="description"><b>Method: </b>Air_Desktop_PayTM_Inline_Tokenizecard</span><br>
			<span class="description"><b>Description: </b></span><br>
							<span class="duration"><b>Duration: </b>27.169s</span><br>
	</td>
	<td class="result">
						<div class="noCollapse" id="57794d3b-9fe7-47b6-a5be-500f3dadc790" style="display: block;">
												Origin : BOM<br>
												Destination : HYD<br>
												https://qa2new.cleartrip.com/flights/results?adults=1&amp;childs=0&amp;infants=0&amp;class=Economy&amp;depart_date=03/06/2023&amp;from=BOM&amp;to=HYD&amp;intl=n<br>
												Itn page not loaded<br>
									<a href="javascript:toggleElement('exception-57794d3b-9fe7-47b6-a5be-500f3dadc790','block')" title="Click to expand/collapse"><b>org.openqa.selenium.NoSuchWindowException: no such window: target window already closed<br/>
from unknown error: web view not found<br/>
&nbsp; (Session info: chrome=110.0.5481.100)<br/>
Build info: version: &apos;4.8.0&apos;, revision: &apos;267030adea&apos;<br/>
System info: os.name: &apos;Mac OS X&apos;, os.arch: &apos;x86_64&apos;, os.version: &apos;11.5&apos;, java.version: &apos;11.0.13&apos;<br/>
Driver info: org.openqa.selenium.chrome.ChromeDriver<br/>
Command: [fc54efa03c05d07daf0a55451920414d, findElement {using=xpath, value=//button[text()=&apos;Continue&apos;]}]<br/>
Capabilities {acceptInsecureCerts: false, browserName: chrome, browserVersion: 110.0.5481.100, chrome: {chromedriverVersion: 110.0.5481.77 (65ed616c6e8e..., userDataDir: /var/folders/m9/x2g4shfx3rg...}, goog:chromeOptions: {debuggerAddress: localhost:50977}, networkConnectionEnabled: false, pageLoadStrategy: normal, platformName: MAC, proxy: Proxy(), se:cdp: ws://localhost:50977/devtoo..., se:cdpVersion: 110.0.5481.100, setWindowRect: true, strictFileInteractability: false, timeouts: {implicit: 0, pageLoad: 300000, script: 30000}, unhandledPromptBehavior: dismiss and notify, webauthn:extension:credBlob: true, webauthn:extension:largeBlob: true, webauthn:virtualAuthenticators: true}<br/>
Session ID: fc54efa03c05d07daf0a55451920414d</b></a><br/>
		<div class="stackTrace" id="exception-57794d3b-9fe7-47b6-a5be-500f3dadc790">
					java.base/jdk.internal.reflect.NativeConstructorAccessorImpl.newInstance0(Native Method)<br/>
					java.base/jdk.internal.reflect.NativeConstructorAccessorImpl.newInstance(NativeConstructorAccessorImpl.java:62)<br/>
					java.base/jdk.internal.reflect.DelegatingConstructorAccessorImpl.newInstance(DelegatingConstructorAccessorImpl.java:45)<br/>
					java.base/java.lang.reflect.Constructor.newInstance(Constructor.java:490)<br/>
					org.openqa.selenium.remote.codec.w3c.W3CHttpResponseCodec.createException(W3CHttpResponseCodec.java:200)<br/>
					org.openqa.selenium.remote.codec.w3c.W3CHttpResponseCodec.decode(W3CHttpResponseCodec.java:133)<br/>
					org.openqa.selenium.remote.codec.w3c.W3CHttpResponseCodec.decode(W3CHttpResponseCodec.java:53)<br/>
					org.openqa.selenium.remote.HttpCommandExecutor.execute(HttpCommandExecutor.java:184)<br/>
					org.openqa.selenium.remote.service.DriverCommandExecutor.invokeExecute(DriverCommandExecutor.java:167)<br/>
					org.openqa.selenium.remote.service.DriverCommandExecutor.execute(DriverCommandExecutor.java:142)<br/>
					org.openqa.selenium.remote.RemoteWebDriver.execute(RemoteWebDriver.java:543)<br/>
					org.openqa.selenium.remote.ElementLocation$ElementFinder$2.findElement(ElementLocation.java:162)<br/>
					org.openqa.selenium.remote.ElementLocation.findElement(ElementLocation.java:60)<br/>
					org.openqa.selenium.remote.RemoteWebDriver.findElement(RemoteWebDriver.java:352)<br/>
					org.openqa.selenium.remote.RemoteWebDriver.findElement(RemoteWebDriver.java:344)<br/>
					test.java.common.WrapperMethod.isElementPresent(WrapperMethod.java:259)<br/>
					test.java.common.WrapperMethod.elementVisible(WrapperMethod.java:414)<br/>
					test.java.commonUI.PaymentsUI_Common_Desktop_Air.air_ItnPage_Desktop(PaymentsUI_Common_Desktop_Air.java:49)<br/>
					test.java.paymentBento_Air_Desktop.IN_Air_Desktop_CC_PayTM_Inline_TokenizeCard.Air_Desktop_PayTM_Inline_Tokenizecard(IN_Air_Desktop_CC_PayTM_Inline_TokenizeCard.java:22)<br/>
					java.base/jdk.internal.reflect.NativeMethodAccessorImpl.invoke0(Native Method)<br/>
					java.base/jdk.internal.reflect.NativeMethodAccessorImpl.invoke(NativeMethodAccessorImpl.java:62)<br/>
					java.base/jdk.internal.reflect.DelegatingMethodAccessorImpl.invoke(DelegatingMethodAccessorImpl.java:43)<br/>
					java.base/java.lang.reflect.Method.invoke(Method.java:566)<br/>
					org.testng.internal.invokers.MethodInvocationHelper.invokeMethod(MethodInvocationHelper.java:139)<br/>
					org.testng.internal.invokers.TestInvoker.invokeMethod(TestInvoker.java:677)<br/>
					org.testng.internal.invokers.TestInvoker.invokeTestMethod(TestInvoker.java:221)<br/>
					org.testng.internal.invokers.MethodRunner.runInSequence(MethodRunner.java:50)<br/>
					org.testng.internal.invokers.TestInvoker$MethodInvocationAgent.invoke(TestInvoker.java:969)<br/>
					org.testng.internal.invokers.TestInvoker.invokeTestMethods(TestInvoker.java:194)<br/>
					org.testng.internal.invokers.TestMethodWorker.invokeTestMethods(TestMethodWorker.java:148)<br/>
					org.testng.internal.invokers.TestMethodWorker.run(TestMethodWorker.java:128)<br/>
					java.base/java.util.ArrayList.forEach(ArrayList.java:1541)<br/>
					org.testng.TestRunner.privateRun(TestRunner.java:829)<br/>
					org.testng.TestRunner.run(TestRunner.java:602)<br/>
					org.testng.SuiteRunner.runTest(SuiteRunner.java:437)<br/>
					org.testng.SuiteRunner$SuiteWorker.run(SuiteRunner.java:475)<br/>
					org.testng.internal.thread.ThreadUtil.lambda$execute$0(ThreadUtil.java:58)<br/>
					java.base/java.util.concurrent.FutureTask.run(FutureTask.java:264)<br/>
					java.base/java.util.concurrent.ThreadPoolExecutor.runWorker(ThreadPoolExecutor.java:1128)<br/>
					java.base/java.util.concurrent.ThreadPoolExecutor$Worker.run(ThreadPoolExecutor.java:628)<br/>
					java.base/java.lang.Thread.run(Thread.java:834)<br/>
						</div>
		</td>
	</div>
</tr>
						
				
			  
	</tbody>
	</table>
</div>
</body>
</html>
